<?xml version="1.0" encoding="UTF-8"?>
<!-- Generated by org.testng.reporters.JUnitXMLReporter -->
<testsuite ignored="0" hostname="Sasidhar" failures="0" tests="4" name="LoginTests" time="39.35" errors="0" timestamp="2025-09-01T12:40:19 IST">
  <testcase classname="com.saucedemo.tests.LoginTest_with_TestNG" name="loginTest" time="2.54"/>
  <testcase classname="com.saucedemo.tests.LoginTest_with_TestNG" name="loginTest" time="21.446"/>
  <testcase classname="com.saucedemo.tests.LoginTest_with_TestNG" name="loginTest" time="2.196"/>
  <testcase classname="com.saucedemo.tests.LoginTest_with_TestNG" name="loginTest" time="7.04"/>
</testsuite> <!-- LoginTests -->
