<?xml version="1.0" encoding="UTF-8"?>
<testng-results ignored="0" total="4" passed="4" failed="0" skipped="0">
  <reporter-output>
  </reporter-output>
  <suite started-at="2025-09-01T12:39:39 IST" name="SauceDemoLoginSuite" finished-at="2025-09-01T12:40:19 IST" duration-ms="39350">
    <groups>
    </groups>
    <test started-at="2025-09-01T12:39:39 IST" name="LoginTests" finished-at="2025-09-01T12:40:19 IST" duration-ms="39350">
      <class name="com.saucedemo.tests.LoginTest_with_TestNG">
        <test-method is-config="true" signature="setup()[pri:0, instance:com.saucedemo.tests.LoginTest_with_TestNG@61df66b6]" started-at="2025-09-01T12:39:39 IST" name="setup" finished-at="2025-09-01T12:39:42 IST" duration-ms="2640" status="PASS">
          <reporter-output>
          </reporter-output>
        </test-method> <!-- setup -->
        <test-method signature="loginTest(java.lang.String,java.lang.String)[pri:0, instance:com.saucedemo.tests.LoginTest_with_TestNG@61df66b6]" started-at="2025-09-01T12:39:42 IST" name="loginTest" data-provider="users" finished-at="2025-09-01T12:39:45 IST" duration-ms="2540" status="PASS">
          <params>
            <param index="0">
              <value>
                <![CDATA[standard_user]]>
              </value>
            </param>
            <param index="1">
              <value>
                <![CDATA[secret_sauce]]>
              </value>
            </param>
          </params>
          <reporter-output>
          </reporter-output>
        </test-method> <!-- loginTest -->
        <test-method is-config="true" signature="tearDown()[pri:0, instance:com.saucedemo.tests.LoginTest_with_TestNG@61df66b6]" started-at="2025-09-01T12:39:45 IST" name="tearDown" finished-at="2025-09-01T12:39:45 IST" duration-ms="123" status="PASS">
          <reporter-output>
          </reporter-output>
        </test-method> <!-- tearDown -->
        <test-method is-config="true" signature="setup()[pri:0, instance:com.saucedemo.tests.LoginTest_with_TestNG@61df66b6]" started-at="2025-09-01T12:39:45 IST" name="setup" finished-at="2025-09-01T12:39:45 IST" duration-ms="605" status="PASS">
          <reporter-output>
          </reporter-output>
        </test-method> <!-- setup -->
        <test-method signature="loginTest(java.lang.String,java.lang.String)[pri:0, instance:com.saucedemo.tests.LoginTest_with_TestNG@61df66b6]" started-at="2025-09-01T12:39:45 IST" name="loginTest" data-provider="users" finished-at="2025-09-01T12:40:07 IST" duration-ms="21446" status="PASS">
          <params>
            <param index="0">
              <value>
                <![CDATA[locked_out_user]]>
              </value>
            </param>
            <param index="1">
              <value>
                <![CDATA[secret_sauce]]>
              </value>
            </param>
          </params>
          <reporter-output>
          </reporter-output>
        </test-method> <!-- loginTest -->
        <test-method is-config="true" signature="tearDown()[pri:0, instance:com.saucedemo.tests.LoginTest_with_TestNG@61df66b6]" started-at="2025-09-01T12:40:07 IST" name="tearDown" finished-at="2025-09-01T12:40:08 IST" duration-ms="1285" status="PASS">
          <reporter-output>
          </reporter-output>
        </test-method> <!-- tearDown -->
        <test-method is-config="true" signature="setup()[pri:0, instance:com.saucedemo.tests.LoginTest_with_TestNG@61df66b6]" started-at="2025-09-01T12:40:08 IST" name="setup" finished-at="2025-09-01T12:40:09 IST" duration-ms="587" status="PASS">
          <reporter-output>
          </reporter-output>
        </test-method> <!-- setup -->
        <test-method signature="loginTest(java.lang.String,java.lang.String)[pri:0, instance:com.saucedemo.tests.LoginTest_with_TestNG@61df66b6]" started-at="2025-09-01T12:40:09 IST" name="loginTest" data-provider="users" finished-at="2025-09-01T12:40:11 IST" duration-ms="2196" status="PASS">
          <params>
            <param index="0">
              <value>
                <![CDATA[problem_user]]>
              </value>
            </param>
            <param index="1">
              <value>
                <![CDATA[secret_sauce]]>
              </value>
            </param>
          </params>
          <reporter-output>
          </reporter-output>
        </test-method> <!-- loginTest -->
        <test-method is-config="true" signature="tearDown()[pri:0, instance:com.saucedemo.tests.LoginTest_with_TestNG@61df66b6]" started-at="2025-09-01T12:40:11 IST" name="tearDown" finished-at="2025-09-01T12:40:11 IST" duration-ms="125" status="PASS">
          <reporter-output>
          </reporter-output>
        </test-method> <!-- tearDown -->
        <test-method is-config="true" signature="setup()[pri:0, instance:com.saucedemo.tests.LoginTest_with_TestNG@61df66b6]" started-at="2025-09-01T12:40:11 IST" name="setup" finished-at="2025-09-01T12:40:11 IST" duration-ms="589" status="PASS">
          <reporter-output>
          </reporter-output>
        </test-method> <!-- setup -->
        <test-method signature="loginTest(java.lang.String,java.lang.String)[pri:0, instance:com.saucedemo.tests.LoginTest_with_TestNG@61df66b6]" started-at="2025-09-01T12:40:11 IST" name="loginTest" data-provider="users" finished-at="2025-09-01T12:40:19 IST" duration-ms="7040" status="PASS">
          <params>
            <param index="0">
              <value>
                <![CDATA[performance_glitch_user]]>
              </value>
            </param>
            <param index="1">
              <value>
                <![CDATA[secret_sauce]]>
              </value>
            </param>
          </params>
          <reporter-output>
          </reporter-output>
        </test-method> <!-- loginTest -->
        <test-method is-config="true" signature="tearDown()[pri:0, instance:com.saucedemo.tests.LoginTest_with_TestNG@61df66b6]" started-at="2025-09-01T12:40:19 IST" name="tearDown" finished-at="2025-09-01T12:40:19 IST" duration-ms="137" status="PASS">
          <reporter-output>
          </reporter-output>
        </test-method> <!-- tearDown -->
      </class> <!-- com.saucedemo.tests.LoginTest_with_TestNG -->
    </test> <!-- LoginTests -->
  </suite> <!-- SauceDemoLoginSuite -->
</testng-results>
